c:\users\rapha\onedrive - usherbrooke\bureau\s2 app3\graphicus-03\debug\vc142.pdb
c:\users\rapha\onedrive - usherbrooke\bureau\s2 app3\graphicus-03\debug\moc_graphicusgui.obj
c:\users\rapha\onedrive - usherbrooke\bureau\s2 app3\graphicus-03\debug\moc_centralwidget.obj
c:\users\rapha\onedrive - usherbrooke\bureau\s2 app3\graphicus-03\debug\vecteur.obj
c:\users\rapha\onedrive - usherbrooke\bureau\s2 app3\graphicus-03\debug\tests.obj
c:\users\rapha\onedrive - usherbrooke\bureau\s2 app3\graphicus-03\debug\rectangle.obj
c:\users\rapha\onedrive - usherbrooke\bureau\s2 app3\graphicus-03\debug\graphicus-02.obj
c:\users\rapha\onedrive - usherbrooke\bureau\s2 app3\graphicus-03\debug\forme.obj
c:\users\rapha\onedrive - usherbrooke\bureau\s2 app3\graphicus-03\debug\couche.obj
c:\users\rapha\onedrive - usherbrooke\bureau\s2 app3\graphicus-03\debug\cercle.obj
c:\users\rapha\onedrive - usherbrooke\bureau\s2 app3\graphicus-03\debug\carre.obj
c:\users\rapha\onedrive - usherbrooke\bureau\s2 app3\graphicus-03\debug\canevas.obj
c:\users\rapha\onedrive - usherbrooke\bureau\s2 app3\graphicus-03\debug\moninterface.obj
c:\users\rapha\onedrive - usherbrooke\bureau\s2 app3\graphicus-03\debug\moc_centralwidget.cpp
c:\users\rapha\onedrive - usherbrooke\bureau\s2 app3\graphicus-03\debug\moc_graphicusgui.cpp
c:\users\rapha\onedrive - usherbrooke\bureau\s2 app3\graphicus-03\debug\moc_predefs.h
c:\users\rapha\onedrive - usherbrooke\bureau\s2 app3\graphicus-03\debug\graphicus-03.exe
c:\users\rapha\onedrive - usherbrooke\bureau\s2 app3\graphicus-03\debug\graphicus-03.ilk
c:\users\rapha\onedrive - usherbrooke\bureau\s2 app3\graphicus-03\debug\testgraphicusgui.obj
c:\users\rapha\onedrive - usherbrooke\bureau\s2 app3\graphicus-03\debug\graphicus-03.pdb
c:\users\rapha\onedrive - usherbrooke\bureau\s2 app3\graphicus-03\debug\graphicus-03.tlog\cl.command.1.tlog
c:\users\rapha\onedrive - usherbrooke\bureau\s2 app3\graphicus-03\debug\graphicus-03.tlog\cl.read.1.tlog
c:\users\rapha\onedrive - usherbrooke\bureau\s2 app3\graphicus-03\debug\graphicus-03.tlog\cl.write.1.tlog
c:\users\rapha\onedrive - usherbrooke\bureau\s2 app3\graphicus-03\debug\graphicus-03.tlog\custombuild.command.1.tlog
c:\users\rapha\onedrive - usherbrooke\bureau\s2 app3\graphicus-03\debug\graphicus-03.tlog\custombuild.read.1.tlog
c:\users\rapha\onedrive - usherbrooke\bureau\s2 app3\graphicus-03\debug\graphicus-03.tlog\custombuild.write.1.tlog
c:\users\rapha\onedrive - usherbrooke\bureau\s2 app3\graphicus-03\debug\graphicus-03.tlog\link.command.1.tlog
c:\users\rapha\onedrive - usherbrooke\bureau\s2 app3\graphicus-03\debug\graphicus-03.tlog\link.read.1.tlog
c:\users\rapha\onedrive - usherbrooke\bureau\s2 app3\graphicus-03\debug\graphicus-03.tlog\link.write.1.tlog
